<?xml version="1.0" encoding="UTF-8"?>
<!-- Generated by org.testng.reporters.JUnitReportReporter -->
<testsuite hostname="dac37" failures="0" tests="8" name="testProject2.IndexPageTest" time="0.452" errors="0" timestamp="2024-01-13T23:43:11 IST" skipped="0">
  <testcase classname="testProject2.IndexPageTest" name="testLinkNavigation" time="0.102"/>
  <system-out/>
  <testcase classname="testProject2.IndexPageTest" name="testGetAllLinks" time="0.019"/>
  <system-out/>
  <testcase classname="testProject2.IndexPageTest" name="testNavigateBack" time="0.022"/>
  <system-out/>
  <testcase classname="testProject2.IndexPageTest" name="testTableVerification" time="0.012"/>
  <system-out/>
  <testcase classname="testProject2.IndexPageTest" name="testCheckboxSelection" time="0.076"/>
  <system-out/>
  <testcase classname="testProject2.IndexPageTest" name="testDropdownSelection" time="0.089"/>
  <system-out/>
  <testcase classname="testProject2.IndexPageTest" name="testButtonNavigation" time="0.080"/>
  <system-out/>
  <testcase classname="testProject2.IndexPageTest" name="testRadioButtonSelection" time="0.052"/>
  <system-out/>
</testsuite> <!-- testProject2.IndexPageTest -->
