<?xml version="1.0" encoding="UTF-8"?>
<!-- Generated by org.testng.reporters.JUnitReportReporter -->
<testsuite hostname="DACPC52" failures="0" tests="1" name="basic.LaunchBrowser" time="10.616" errors="0" timestamp="2024-01-12T11:34:59 IST" skipped="0">
  <testcase classname="basic.LaunchBrowser" name="launchChrome" time="10.616"/>
  <system-out/>
</testsuite> <!-- basic.LaunchBrowser -->
